[     357ms] [LOG] [astro-mermaid] No mermaid diagrams found on initial load @ http://localhost:4321/@id/astro:scripts/page.js:2
[     359ms] [LOG] [astro-mermaid] Initializing mermaid diagrams... @ http://localhost:4321/@id/astro:scripts/page.js:2
[     359ms] [LOG] [astro-mermaid] Found 0 mermaid diagrams @ http://localhost:4321/@id/astro:scripts/page.js:2
[     359ms] [LOG] [astro-mermaid] Initializing mermaid diagrams... @ http://localhost:4321/@id/astro:scripts/page.js:2
[     359ms] [LOG] [astro-mermaid] Found 0 mermaid diagrams @ http://localhost:4321/@id/astro:scripts/page.js:2
[     501ms] [LOG] [astro-mermaid] No mermaid diagrams found on initial load @ http://localhost:4321/@id/astro:scripts/page.js:2
[     502ms] [LOG] [astro-mermaid] Initializing mermaid diagrams... @ http://localhost:4321/@id/astro:scripts/page.js:2
[     502ms] [LOG] [astro-mermaid] Found 0 mermaid diagrams @ http://localhost:4321/@id/astro:scripts/page.js:2
[     502ms] [LOG] [astro-mermaid] Initializing mermaid diagrams... @ http://localhost:4321/@id/astro:scripts/page.js:2
[     502ms] [LOG] [astro-mermaid] Found 0 mermaid diagrams @ http://localhost:4321/@id/astro:scripts/page.js:2
[   99930ms] [LOG] [astro-mermaid] No mermaid diagrams found on initial load @ http://localhost:4321/@id/astro:scripts/page.js:2
[   99931ms] [LOG] [astro-mermaid] Initializing mermaid diagrams... @ http://localhost:4321/@id/astro:scripts/page.js:2
[   99931ms] [LOG] [astro-mermaid] Found 0 mermaid diagrams @ http://localhost:4321/@id/astro:scripts/page.js:2
[   99931ms] [LOG] [astro-mermaid] Initializing mermaid diagrams... @ http://localhost:4321/@id/astro:scripts/page.js:2
[   99931ms] [LOG] [astro-mermaid] Found 0 mermaid diagrams @ http://localhost:4321/@id/astro:scripts/page.js:2
[  105083ms] [LOG] [astro-mermaid] No mermaid diagrams found on initial load @ http://localhost:4321/@id/astro:scripts/page.js:2
[  105084ms] [LOG] [astro-mermaid] Initializing mermaid diagrams... @ http://localhost:4321/@id/astro:scripts/page.js:2
[  105084ms] [LOG] [astro-mermaid] Found 0 mermaid diagrams @ http://localhost:4321/@id/astro:scripts/page.js:2
[  105084ms] [LOG] [astro-mermaid] Initializing mermaid diagrams... @ http://localhost:4321/@id/astro:scripts/page.js:2
[  105084ms] [LOG] [astro-mermaid] Found 0 mermaid diagrams @ http://localhost:4321/@id/astro:scripts/page.js:2
