[     107ms] [LOG] [astro-mermaid] No mermaid diagrams found on initial load @ http://localhost:4321/@id/astro:scripts/page.js:2
[     108ms] [LOG] [astro-mermaid] Initializing mermaid diagrams... @ http://localhost:4321/@id/astro:scripts/page.js:2
[     108ms] [LOG] [astro-mermaid] Found 0 mermaid diagrams @ http://localhost:4321/@id/astro:scripts/page.js:2
[     108ms] [LOG] [astro-mermaid] Initializing mermaid diagrams... @ http://localhost:4321/@id/astro:scripts/page.js:2
[     108ms] [LOG] [astro-mermaid] Found 0 mermaid diagrams @ http://localhost:4321/@id/astro:scripts/page.js:2
[  415379ms] [LOG] [astro-mermaid] No mermaid diagrams found on initial load @ http://localhost:4321/@id/astro:scripts/page.js:2
[  415380ms] [LOG] [astro-mermaid] Initializing mermaid diagrams... @ http://localhost:4321/@id/astro:scripts/page.js:2
[  415380ms] [LOG] [astro-mermaid] Found 0 mermaid diagrams @ http://localhost:4321/@id/astro:scripts/page.js:2
[  415380ms] [LOG] [astro-mermaid] Initializing mermaid diagrams... @ http://localhost:4321/@id/astro:scripts/page.js:2
[  415380ms] [LOG] [astro-mermaid] Found 0 mermaid diagrams @ http://localhost:4321/@id/astro:scripts/page.js:2
[  422773ms] [LOG] [astro-mermaid] No mermaid diagrams found on initial load @ http://localhost:4321/@id/astro:scripts/page.js:2
[  422774ms] [LOG] [astro-mermaid] Initializing mermaid diagrams... @ http://localhost:4321/@id/astro:scripts/page.js:2
[  422774ms] [LOG] [astro-mermaid] Found 0 mermaid diagrams @ http://localhost:4321/@id/astro:scripts/page.js:2
[  422774ms] [LOG] [astro-mermaid] Initializing mermaid diagrams... @ http://localhost:4321/@id/astro:scripts/page.js:2
[  422774ms] [LOG] [astro-mermaid] Found 0 mermaid diagrams @ http://localhost:4321/@id/astro:scripts/page.js:2
[  423546ms] [LOG] [vite] server connection lost. Polling for restart... @ http://localhost:4321/@vite/client:1596
[  425636ms] [LOG] [astro-mermaid] No mermaid diagrams found on initial load @ http://localhost:4321/@id/astro:scripts/page.js:2
[  425637ms] [LOG] [astro-mermaid] Initializing mermaid diagrams... @ http://localhost:4321/@id/astro:scripts/page.js:2
[  425637ms] [LOG] [astro-mermaid] Found 0 mermaid diagrams @ http://localhost:4321/@id/astro:scripts/page.js:2
[  425638ms] [LOG] [astro-mermaid] Initializing mermaid diagrams... @ http://localhost:4321/@id/astro:scripts/page.js:2
[  425638ms] [LOG] [astro-mermaid] Found 0 mermaid diagrams @ http://localhost:4321/@id/astro:scripts/page.js:2
[  425837ms] [LOG] [astro-mermaid] No mermaid diagrams found on initial load @ http://localhost:4321/@id/astro:scripts/page.js:2
[  425838ms] [LOG] [astro-mermaid] Initializing mermaid diagrams... @ http://localhost:4321/@id/astro:scripts/page.js:2
[  425838ms] [LOG] [astro-mermaid] Found 0 mermaid diagrams @ http://localhost:4321/@id/astro:scripts/page.js:2
[  425838ms] [LOG] [astro-mermaid] Initializing mermaid diagrams... @ http://localhost:4321/@id/astro:scripts/page.js:2
[  425838ms] [LOG] [astro-mermaid] Found 0 mermaid diagrams @ http://localhost:4321/@id/astro:scripts/page.js:2
[  602777ms] [LOG] [astro-mermaid] No mermaid diagrams found on initial load @ http://localhost:4321/@id/astro:scripts/page.js:2
[  602778ms] [LOG] [astro-mermaid] Initializing mermaid diagrams... @ http://localhost:4321/@id/astro:scripts/page.js:2
[  602778ms] [LOG] [astro-mermaid] Found 0 mermaid diagrams @ http://localhost:4321/@id/astro:scripts/page.js:2
[  602778ms] [LOG] [astro-mermaid] Initializing mermaid diagrams... @ http://localhost:4321/@id/astro:scripts/page.js:2
[  602778ms] [LOG] [astro-mermaid] Found 0 mermaid diagrams @ http://localhost:4321/@id/astro:scripts/page.js:2
[  625092ms] [LOG] [astro-mermaid] No mermaid diagrams found on initial load @ http://localhost:4321/@id/astro:scripts/page.js:2
[  625093ms] [LOG] [astro-mermaid] Initializing mermaid diagrams... @ http://localhost:4321/@id/astro:scripts/page.js:2
[  625093ms] [LOG] [astro-mermaid] Found 0 mermaid diagrams @ http://localhost:4321/@id/astro:scripts/page.js:2
[  625093ms] [LOG] [astro-mermaid] Initializing mermaid diagrams... @ http://localhost:4321/@id/astro:scripts/page.js:2
[  625093ms] [LOG] [astro-mermaid] Found 0 mermaid diagrams @ http://localhost:4321/@id/astro:scripts/page.js:2
[  644753ms] [LOG] [astro-mermaid] No mermaid diagrams found on initial load @ http://localhost:4321/@id/astro:scripts/page.js:2
[  644766ms] [LOG] [astro-mermaid] Initializing mermaid diagrams... @ http://localhost:4321/@id/astro:scripts/page.js:2
[  644766ms] [LOG] [astro-mermaid] Found 0 mermaid diagrams @ http://localhost:4321/@id/astro:scripts/page.js:2
[  644766ms] [LOG] [astro-mermaid] Initializing mermaid diagrams... @ http://localhost:4321/@id/astro:scripts/page.js:2
[  644766ms] [LOG] [astro-mermaid] Found 0 mermaid diagrams @ http://localhost:4321/@id/astro:scripts/page.js:2
